<?xml version="1.0" encoding="UTF-8"?>
<!-- Generated by org.testng.reporters.JUnitReportReporter -->
<testsuite hostname="DESKTOP-C1I198Q" failures="0" tests="1" name="org.TestCases.TC_1get" time="4.011" errors="0" timestamp="2024-10-06T13:45:27 IST" skipped="0">
  <testcase classname="org.TestCases.TC_1get" name="getTestcase" time="4.011"/>
  <system-out/>
</testsuite> <!-- org.TestCases.TC_1get -->
